<?xml version="1.0" encoding="UTF-8"?>
<testng-results skipped="0" failed="0" ignored="0" total="1" passed="1">
  <reporter-output>
  </reporter-output>
  <suite name="Default suite" duration-ms="10437" started-at="2018-10-10T07:40:56Z" finished-at="2018-10-10T07:41:07Z">
    <groups>
    </groups>
    <test name="Default test" duration-ms="10437" started-at="2018-10-10T07:40:56Z" finished-at="2018-10-10T07:41:07Z">
      <class name="com.epam.selenium.testcases.GoogleSearchPageTest">
        <test-method status="PASS" signature="setUp()[pri:0, instance:com.epam.selenium.testcases.GoogleSearchPageTest@29b5cd00]" name="setUp" is-config="true" duration-ms="10" started-at="2018-10-10T07:40:56Z" finished-at="2018-10-10T07:40:56Z">
          <reporter-output>
          </reporter-output>
        </test-method> <!-- setUp -->
        <test-method status="PASS" signature="testCompanyAddress()[pri:0, instance:com.epam.selenium.testcases.GoogleSearchPageTest@29b5cd00]" name="testCompanyAddress" duration-ms="9336" started-at="2018-10-10T07:40:56Z" finished-at="2018-10-10T07:41:06Z">
          <reporter-output>
          </reporter-output>
        </test-method> <!-- testCompanyAddress -->
        <test-method status="PASS" signature="tearDown()[pri:0, instance:com.epam.selenium.testcases.GoogleSearchPageTest@29b5cd00]" name="tearDown" is-config="true" duration-ms="1078" started-at="2018-10-10T07:41:06Z" finished-at="2018-10-10T07:41:07Z">
          <reporter-output>
          </reporter-output>
        </test-method> <!-- tearDown -->
      </class> <!-- com.epam.selenium.testcases.GoogleSearchPageTest -->
    </test> <!-- Default test -->
  </suite> <!-- Default suite -->
</testng-results>
